app/build/outputs/logs/manifest-merger-debug-report.txt
-- Merging decision tree log ---
manifest
ADDED from src/main/AndroidManifest.xml:2:1-29:12
	xmlns:android
		ADDED from src/main/AndroidManifest.xml:2:11-69
	package
		ADDED from src/main/AndroidManifest.xml:3:11-40
		INJECTED from src/main/AndroidManifest.xml
		INJECTED from src/main/AndroidManifest.xml
	android:versionName
		ADDED from src/main/AndroidManifest.xml:5:11-36
		INJECTED from src/main/AndroidManifest.xml
		INJECTED from src/main/AndroidManifest.xml
	android:versionCode
		ADDED from src/main/AndroidManifest.xml:4:11-34
		INJECTED from src/main/AndroidManifest.xml
		INJECTED from src/main/AndroidManifest.xml
uses-sdk
ADDED from src/main/AndroidManifest.xml:6:5-43
MERGED from [TwinSpriteAPITest:TwinspriteSDK:unspecified] AndroidManifest.xml:7:5-9:41
	android:targetSdkVersion
		INJECTED from src/main/AndroidManifest.xml
		INJECTED from src/main/AndroidManifest.xml
	android:minSdkVersion
		ADDED from src/main/AndroidManifest.xml:6:15-41
		INJECTED from src/main/AndroidManifest.xml
		INJECTED from src/main/AndroidManifest.xml
application
ADDED from src/main/AndroidManifest.xml:8:5-18:19
MERGED from [TwinSpriteAPITest:TwinspriteSDK:unspecified] AndroidManifest.xml:14:5-19:19
	android:allowBackup
		ADDED from [TwinSpriteAPITest:TwinspriteSDK:unspecified] AndroidManifest.xml:15:9-35
	android:label
		ADDED from src/main/AndroidManifest.xml:8:18-50
	android:icon
		ADDED from src/main/AndroidManifest.xml:8:51-87
	android:theme
		ADDED from [TwinSpriteAPITest:TwinspriteSDK:unspecified] AndroidManifest.xml:18:9-40
activity#com.twinsprite.test.MainActivity
ADDED from src/main/AndroidManifest.xml:9:9-16:20
	android:screenOrientation
		ADDED from src/main/AndroidManifest.xml:11:46-82
	android:label
		ADDED from src/main/AndroidManifest.xml:11:13-45
	android:name
		ADDED from src/main/AndroidManifest.xml:10:13-60
intent-filter#android.intent.action.MAIN+android.intent.category.LAUNCHER
ADDED from src/main/AndroidManifest.xml:12:13-15:29
action#android.intent.action.MAIN
ADDED from src/main/AndroidManifest.xml:13:17-69
	android:name
		ADDED from src/main/AndroidManifest.xml:13:25-66
category#android.intent.category.LAUNCHER
ADDED from src/main/AndroidManifest.xml:14:17-77
	android:name
		ADDED from src/main/AndroidManifest.xml:14:27-74
activity#com.twinsprite.test.nfc.NfcActivity
ADDED from src/main/AndroidManifest.xml:17:9-151
	android:screenOrientation
		ADDED from src/main/AndroidManifest.xml:17:103-139
	android:label
		ADDED from src/main/AndroidManifest.xml:17:70-102
	android:name
		ADDED from src/main/AndroidManifest.xml:17:19-69
uses-permission#android.permission.CAMERA
ADDED from src/main/AndroidManifest.xml:20:5-66
	android:name
		ADDED from src/main/AndroidManifest.xml:20:22-64
uses-feature#android.hardware.camera
ADDED from src/main/AndroidManifest.xml:21:5-62
	android:name
		ADDED from src/main/AndroidManifest.xml:21:19-59
uses-feature#android.hardware.camera.autofocus
ADDED from src/main/AndroidManifest.xml:22:5-96
	android:required
		ADDED from src/main/AndroidManifest.xml:22:70-94
	android:name
		ADDED from src/main/AndroidManifest.xml:22:19-69
uses-feature#android.hardware.nfc
ADDED from src/main/AndroidManifest.xml:23:5-84
	android:required
		ADDED from src/main/AndroidManifest.xml:23:57-81
	android:name
		ADDED from src/main/AndroidManifest.xml:23:19-56
uses-permission#android.permission.READ_PHONE_STATE
ADDED from src/main/AndroidManifest.xml:24:5-76
	android:name
		ADDED from src/main/AndroidManifest.xml:24:22-74
uses-permission#android.permission.INTERNET
ADDED from src/main/AndroidManifest.xml:25:5-68
	android:name
		ADDED from src/main/AndroidManifest.xml:25:22-66
uses-permission#android.permission.ACCESS_NETWORK_STATE
ADDED from src/main/AndroidManifest.xml:26:5-81
	android:name
		ADDED from src/main/AndroidManifest.xml:26:22-78
uses-permission#android.permission.WRITE_EXTERNAL_STORAGE
ADDED from src/main/AndroidManifest.xml:27:5-83
MERGED from [TwinSpriteAPITest:TwinspriteSDK:unspecified] AndroidManifest.xml:11:5-81
	android:name
		ADDED from src/main/AndroidManifest.xml:27:22-80
uses-permission#android.permission.NFC
ADDED from src/main/AndroidManifest.xml:28:5-64
	android:name
		ADDED from src/main/AndroidManifest.xml:28:22-61
uses-permission#android.permission.WRITE_INTERNAL_STORAGE
ADDED from [TwinSpriteAPITest:TwinspriteSDK:unspecified] AndroidManifest.xml:12:5-81
	android:name
		ADDED from [TwinSpriteAPITest:TwinspriteSDK:unspecified] AndroidManifest.xml:12:22-78